# Single-column FK/PK join detection.
select * from
tpcds.store_sales inner join tpcds.customer
on ss_customer_sk = c_customer_sk
where c_salutation = 'Mrs.'
---- PLAN
F00:PLAN FRAGMENT [UNPARTITIONED] hosts=1 instances=1
|  Per-Host Resources: mem-estimate=181.75MB mem-reservation=21.75MB thread-reservation=3 runtime-filters-memory=1.00MB
PLAN-ROOT SINK
|  mem-estimate=0B mem-reservation=0B thread-reservation=0
|
02:HASH JOIN [INNER JOIN]
|  hash predicates: ss_customer_sk = c_customer_sk
|  fk/pk conjuncts: ss_customer_sk = c_customer_sk
|  runtime filters: RF000[bloom] <- c_customer_sk
|  mem-estimate=4.75MB mem-reservation=4.75MB spill-buffer=256.00KB thread-reservation=0
|  tuple-ids=0,1 row-size=319B cardinality=529.70K
|  in pipelines: 00(GETNEXT), 01(OPEN)
|
|--01:SCAN HDFS [tpcds.customer]
|     partitions=1/1 files=1 size=12.60MB
|     predicates: c_salutation = 'Mrs.'
|     stored statistics:
|       table: rows=100.00K size=12.60MB
|       columns: all
|     extrapolated-rows=disabled max-scan-range-rows=100.00K
|     mem-estimate=48.00MB mem-reservation=8.00MB thread-reservation=1
|     tuple-ids=1 row-size=219B cardinality=16.67K
|     in pipelines: 01(GETNEXT)
|
00:SCAN HDFS [tpcds.store_sales]
   partitions=1824/1824 files=1824 size=346.60MB
   runtime filters: RF000[bloom] -> ss_customer_sk
   stored statistics:
     table: rows=2.88M size=346.60MB
     partitions: 1824/1824 rows=2.88M
     columns: all
   extrapolated-rows=disabled max-scan-range-rows=130.09K
   mem-estimate=128.00MB mem-reservation=8.00MB thread-reservation=1
   tuple-ids=0 row-size=100B cardinality=2.88M
   in pipelines: 00(GETNEXT)
====
# Single-column FK/PK join detection on left outer join. The join cardinality
# is not reduced based on the selectivity of the rhs.
select * from
tpcds.store_sales left outer join tpcds.customer
on ss_customer_sk = c_customer_sk
where c_salutation = 'Mrs.'
---- PLAN
F00:PLAN FRAGMENT [UNPARTITIONED] hosts=1 instances=1
|  Per-Host Resources: mem-estimate=180.75MB mem-reservation=20.75MB thread-reservation=3
PLAN-ROOT SINK
|  mem-estimate=0B mem-reservation=0B thread-reservation=0
|
02:HASH JOIN [LEFT OUTER JOIN]
|  hash predicates: ss_customer_sk = c_customer_sk
|  fk/pk conjuncts: ss_customer_sk = c_customer_sk
|  other predicates: c_salutation = 'Mrs.'
|  mem-estimate=4.75MB mem-reservation=4.75MB spill-buffer=256.00KB thread-reservation=0
|  tuple-ids=0,1N row-size=319B cardinality=2.88M
|  in pipelines: 00(GETNEXT), 01(OPEN)
|
|--01:SCAN HDFS [tpcds.customer]
|     partitions=1/1 files=1 size=12.60MB
|     predicates: c_salutation = 'Mrs.'
|     stored statistics:
|       table: rows=100.00K size=12.60MB
|       columns: all
|     extrapolated-rows=disabled max-scan-range-rows=100.00K
|     mem-estimate=48.00MB mem-reservation=8.00MB thread-reservation=1
|     tuple-ids=1 row-size=219B cardinality=16.67K
|     in pipelines: 01(GETNEXT)
|
00:SCAN HDFS [tpcds.store_sales]
   partitions=1824/1824 files=1824 size=346.60MB
   stored statistics:
     table: rows=2.88M size=346.60MB
     partitions: 1824/1824 rows=2.88M
     columns: all
   extrapolated-rows=disabled max-scan-range-rows=130.09K
   mem-estimate=128.00MB mem-reservation=8.00MB thread-reservation=1
   tuple-ids=0 row-size=100B cardinality=2.88M
   in pipelines: 00(GETNEXT)
====
# Single-column FK/PK join detection on right outer join. The join cardinality
# is reduced based on the selectivity of the rhs.
select * from
tpcds.store_sales right outer join tpcds.customer
on ss_customer_sk = c_customer_sk
where c_salutation = 'Mrs.'
---- PLAN
F00:PLAN FRAGMENT [UNPARTITIONED] hosts=1 instances=1
|  Per-Host Resources: mem-estimate=181.75MB mem-reservation=21.75MB thread-reservation=3 runtime-filters-memory=1.00MB
PLAN-ROOT SINK
|  mem-estimate=0B mem-reservation=0B thread-reservation=0
|
02:HASH JOIN [RIGHT OUTER JOIN]
|  hash predicates: ss_customer_sk = c_customer_sk
|  fk/pk conjuncts: ss_customer_sk = c_customer_sk
|  runtime filters: RF000[bloom] <- c_customer_sk
|  mem-estimate=4.75MB mem-reservation=4.75MB spill-buffer=256.00KB thread-reservation=0
|  tuple-ids=0N,1 row-size=319B cardinality=529.70K
|  in pipelines: 00(GETNEXT), 01(OPEN)
|
|--01:SCAN HDFS [tpcds.customer]
|     partitions=1/1 files=1 size=12.60MB
|     predicates: c_salutation = 'Mrs.'
|     stored statistics:
|       table: rows=100.00K size=12.60MB
|       columns: all
|     extrapolated-rows=disabled max-scan-range-rows=100.00K
|     mem-estimate=48.00MB mem-reservation=8.00MB thread-reservation=1
|     tuple-ids=1 row-size=219B cardinality=16.67K
|     in pipelines: 01(GETNEXT)
|
00:SCAN HDFS [tpcds.store_sales]
   partitions=1824/1824 files=1824 size=346.60MB
   runtime filters: RF000[bloom] -> ss_customer_sk
   stored statistics:
     table: rows=2.88M size=346.60MB
     partitions: 1824/1824 rows=2.88M
     columns: all
   extrapolated-rows=disabled max-scan-range-rows=130.09K
   mem-estimate=128.00MB mem-reservation=8.00MB thread-reservation=1
   tuple-ids=0 row-size=100B cardinality=2.88M
   in pipelines: 00(GETNEXT)
====
# Multi-column FK/PK join detection
select * from
tpcds.store_sales inner join tpcds.store_returns
on ss_item_sk = sr_item_sk and ss_ticket_number = sr_ticket_number
where sr_return_quantity < 10
---- PLAN
F00:PLAN FRAGMENT [UNPARTITIONED] hosts=1 instances=1
|  Per-Host Resources: mem-estimate=214.75MB mem-reservation=22.75MB thread-reservation=3 runtime-filters-memory=2.00MB
PLAN-ROOT SINK
|  mem-estimate=0B mem-reservation=0B thread-reservation=0
|
02:HASH JOIN [INNER JOIN]
|  hash predicates: ss_item_sk = sr_item_sk, ss_ticket_number = sr_ticket_number
|  fk/pk conjuncts: ss_item_sk = sr_item_sk, ss_ticket_number = sr_ticket_number
|  runtime filters: RF000[bloom] <- sr_item_sk, RF001[bloom] <- sr_ticket_number
|  mem-estimate=4.75MB mem-reservation=4.75MB spill-buffer=256.00KB thread-reservation=0
|  tuple-ids=0,1 row-size=188B cardinality=211.84K
|  in pipelines: 00(GETNEXT), 01(OPEN)
|
|--01:SCAN HDFS [tpcds.store_returns]
|     partitions=1/1 files=1 size=31.19MB
|     predicates: sr_return_quantity < CAST(10 AS INT)
|     stored statistics:
|       table: rows=287.51K size=31.19MB
|       columns: all
|     extrapolated-rows=disabled max-scan-range-rows=287.51K
|     mem-estimate=80.00MB mem-reservation=8.00MB thread-reservation=1
|     tuple-ids=1 row-size=88B cardinality=28.75K
|     in pipelines: 01(GETNEXT)
|
00:SCAN HDFS [tpcds.store_sales]
   partitions=1824/1824 files=1824 size=346.60MB
   runtime filters: RF000[bloom] -> ss_item_sk, RF001[bloom] -> ss_ticket_number
   stored statistics:
     table: rows=2.88M size=346.60MB
     partitions: 1824/1824 rows=2.88M
     columns: all
   extrapolated-rows=disabled max-scan-range-rows=130.09K
   mem-estimate=128.00MB mem-reservation=8.00MB thread-reservation=1
   tuple-ids=0 row-size=100B cardinality=2.88M
   in pipelines: 00(GETNEXT)
====
# Many-to-many join detection.
select * from
tpcds.store_sales inner join tpcds.web_sales
on ss_sold_time_sk = ws_sold_time_sk
---- PLAN
F00:PLAN FRAGMENT [UNPARTITIONED] hosts=1 instances=1
|  Per-Host Resources: mem-estimate=397.67MB mem-reservation=51.00MB thread-reservation=3 runtime-filters-memory=1.00MB
PLAN-ROOT SINK
|  mem-estimate=0B mem-reservation=0B thread-reservation=0
|
02:HASH JOIN [INNER JOIN]
|  hash predicates: ss_sold_time_sk = ws_sold_time_sk
|  fk/pk conjuncts: none
|  runtime filters: RF000[bloom] <- ws_sold_time_sk
|  mem-estimate=108.67MB mem-reservation=34.00MB spill-buffer=2.00MB thread-reservation=0
|  tuple-ids=0,1 row-size=244B cardinality=44.14M
|  in pipelines: 00(GETNEXT), 01(OPEN)
|
|--01:SCAN HDFS [tpcds.web_sales]
|     partitions=1/1 files=1 size=140.07MB
|     stored statistics:
|       table: rows=719.38K size=140.07MB
|       columns: all
|     extrapolated-rows=disabled max-scan-range-rows=657.38K
|     mem-estimate=160.00MB mem-reservation=8.00MB thread-reservation=1
|     tuple-ids=1 row-size=144B cardinality=719.38K
|     in pipelines: 01(GETNEXT)
|
00:SCAN HDFS [tpcds.store_sales]
   partitions=1824/1824 files=1824 size=346.60MB
   runtime filters: RF000[bloom] -> ss_sold_time_sk
   stored statistics:
     table: rows=2.88M size=346.60MB
     partitions: 1824/1824 rows=2.88M
     columns: all
   extrapolated-rows=disabled max-scan-range-rows=130.09K
   mem-estimate=128.00MB mem-reservation=8.00MB thread-reservation=1
   tuple-ids=0 row-size=100B cardinality=2.88M
   in pipelines: 00(GETNEXT)
====
# PK/PK join is detected as FK/PK.
select * from
tpcds.date_dim a inner join tpcds.date_dim b
on a.d_date_sk = b.d_date_sk
where a.d_holiday = "Y"
---- PLAN
F00:PLAN FRAGMENT [UNPARTITIONED] hosts=1 instances=1
|  Per-Host Resources: mem-estimate=114.00MB mem-reservation=34.00MB thread-reservation=3 runtime-filters-memory=1.00MB
PLAN-ROOT SINK
|  mem-estimate=0B mem-reservation=0B thread-reservation=0
|
02:HASH JOIN [INNER JOIN]
|  hash predicates: b.d_date_sk = a.d_date_sk
|  fk/pk conjuncts: b.d_date_sk = a.d_date_sk
|  runtime filters: RF000[bloom] <- a.d_date_sk
|  mem-estimate=17.00MB mem-reservation=17.00MB spill-buffer=1.00MB thread-reservation=0
|  tuple-ids=1,0 row-size=510B cardinality=36.52K
|  in pipelines: 01(GETNEXT), 00(OPEN)
|
|--00:SCAN HDFS [tpcds.date_dim a]
|     partitions=1/1 files=1 size=9.84MB
|     predicates: a.d_holiday = 'Y'
|     stored statistics:
|       table: rows=73.05K size=9.84MB
|       columns: all
|     extrapolated-rows=disabled max-scan-range-rows=73.05K
|     mem-estimate=48.00MB mem-reservation=8.00MB thread-reservation=1
|     tuple-ids=0 row-size=255B cardinality=36.52K
|     in pipelines: 00(GETNEXT)
|
01:SCAN HDFS [tpcds.date_dim b]
   partitions=1/1 files=1 size=9.84MB
   runtime filters: RF000[bloom] -> b.d_date_sk
   stored statistics:
     table: rows=73.05K size=9.84MB
     columns: all
   extrapolated-rows=disabled max-scan-range-rows=73.05K
   mem-estimate=48.00MB mem-reservation=8.00MB thread-reservation=1
   tuple-ids=1 row-size=255B cardinality=73.05K
   in pipelines: 01(GETNEXT)
====
# Single query with various join types combined.
select 1 from
  tpcds.store_sales, tpcds.store_returns, tpcds.customer,
  tpcds.date_dim d1, tpcds.date_dim d2
where ss_item_sk = sr_item_sk and ss_ticket_number = sr_ticket_number
  and ss_sold_date_sk = d1.d_date_sk
  and sr_returned_date_sk = d2.d_date_sk
  and ss_addr_sk = c_current_addr_sk
  and d1.d_fy_week_seq = 1000
---- PLAN
F00:PLAN FRAGMENT [UNPARTITIONED] hosts=1 instances=1
|  Per-Host Resources: mem-estimate=362.81MB mem-reservation=50.81MB thread-reservation=6 runtime-filters-memory=5.00MB
PLAN-ROOT SINK
|  mem-estimate=0B mem-reservation=0B thread-reservation=0
|
08:HASH JOIN [INNER JOIN]
|  hash predicates: ss_addr_sk = c_current_addr_sk
|  fk/pk conjuncts: none
|  runtime filters: RF000[bloom] <- c_current_addr_sk
|  mem-estimate=1.94MB mem-reservation=1.94MB spill-buffer=64.00KB thread-reservation=0
|  tuple-ids=1,0,3,4,2 row-size=60B cardinality=19.36K
|  in pipelines: 01(GETNEXT), 02(OPEN)
|
|--02:SCAN HDFS [tpcds.customer]
|     partitions=1/1 files=1 size=12.60MB
|     stored statistics:
|       table: rows=100.00K size=12.60MB
|       columns: all
|     extrapolated-rows=disabled max-scan-range-rows=100.00K
|     mem-estimate=48.00MB mem-reservation=8.00MB thread-reservation=1
|     tuple-ids=2 row-size=4B cardinality=100.00K
|     in pipelines: 02(GETNEXT)
|
07:HASH JOIN [INNER JOIN]
|  hash predicates: sr_returned_date_sk = d2.d_date_sk
|  fk/pk conjuncts: sr_returned_date_sk = d2.d_date_sk
|  runtime filters: RF002[bloom] <- d2.d_date_sk
|  mem-estimate=1.94MB mem-reservation=1.94MB spill-buffer=64.00KB thread-reservation=0
|  tuple-ids=1,0,3,4 row-size=56B cardinality=8.13K
|  in pipelines: 01(GETNEXT), 04(OPEN)
|
|--04:SCAN HDFS [tpcds.date_dim d2]
|     partitions=1/1 files=1 size=9.84MB
|     stored statistics:
|       table: rows=73.05K size=9.84MB
|       columns: all
|     extrapolated-rows=disabled max-scan-range-rows=73.05K
|     mem-estimate=48.00MB mem-reservation=8.00MB thread-reservation=1
|     tuple-ids=4 row-size=4B cardinality=73.05K
|     in pipelines: 04(GETNEXT)
|
06:HASH JOIN [INNER JOIN]
|  hash predicates: sr_item_sk = ss_item_sk, sr_ticket_number = ss_ticket_number
|  fk/pk conjuncts: sr_item_sk = ss_item_sk, sr_ticket_number = ss_ticket_number
|  runtime filters: RF004[bloom] <- ss_item_sk, RF005[bloom] <- ss_ticket_number
|  mem-estimate=1.94MB mem-reservation=1.94MB spill-buffer=64.00KB thread-reservation=0
|  tuple-ids=1,0,3 row-size=52B cardinality=8.13K
|  in pipelines: 01(GETNEXT), 00(OPEN)
|
|--05:HASH JOIN [INNER JOIN]
|  |  hash predicates: ss_sold_date_sk = d1.d_date_sk
|  |  fk/pk conjuncts: ss_sold_date_sk = d1.d_date_sk
|  |  runtime filters: RF008[bloom] <- d1.d_date_sk
|  |  mem-estimate=1.94MB mem-reservation=1.94MB spill-buffer=64.00KB thread-reservation=0
|  |  tuple-ids=0,3 row-size=32B cardinality=11.05K
|  |  in pipelines: 00(GETNEXT), 03(OPEN)
|  |
|  |--03:SCAN HDFS [tpcds.date_dim d1]
|  |     partitions=1/1 files=1 size=9.84MB
|  |     predicates: d1.d_fy_week_seq = CAST(1000 AS INT)
|  |     stored statistics:
|  |       table: rows=73.05K size=9.84MB
|  |       columns: all
|  |     extrapolated-rows=disabled max-scan-range-rows=73.05K
|  |     mem-estimate=48.00MB mem-reservation=8.00MB thread-reservation=1
|  |     tuple-ids=3 row-size=8B cardinality=7
|  |     in pipelines: 03(GETNEXT)
|  |
|  00:SCAN HDFS [tpcds.store_sales]
|     partitions=1824/1824 files=1824 size=346.60MB
|     runtime filters: RF000[bloom] -> ss_addr_sk, RF008[bloom] -> ss_sold_date_sk
|     stored statistics:
|       table: rows=2.88M size=346.60MB
|       partitions: 1824/1824 rows=2.88M
|       columns: all
|     extrapolated-rows=disabled max-scan-range-rows=130.09K
|     mem-estimate=128.00MB mem-reservation=8.00MB thread-reservation=1
|     tuple-ids=0 row-size=24B cardinality=2.88M
|     in pipelines: 00(GETNEXT)
|
01:SCAN HDFS [tpcds.store_returns]
   partitions=1/1 files=1 size=31.19MB
   runtime filters: RF002[bloom] -> sr_returned_date_sk, RF004[bloom] -> sr_item_sk, RF005[bloom] -> sr_ticket_number
   stored statistics:
     table: rows=287.51K size=31.19MB
     columns: all
   extrapolated-rows=disabled max-scan-range-rows=287.51K
   mem-estimate=80.00MB mem-reservation=8.00MB thread-reservation=1
   tuple-ids=1 row-size=20B cardinality=287.51K
   in pipelines: 01(GETNEXT)
====
# Assumed FK/PK join becasue of non-trivial equi-join exprs.
select * from
tpcds.store_sales inner join tpcds.customer
on ss_customer_sk % 10 = c_customer_sk / 100
---- PLAN
F00:PLAN FRAGMENT [UNPARTITIONED] hosts=1 instances=1
|  Per-Host Resources: mem-estimate=211.00MB mem-reservation=51.00MB thread-reservation=3 runtime-filters-memory=1.00MB
PLAN-ROOT SINK
|  mem-estimate=0B mem-reservation=0B thread-reservation=0
|
02:HASH JOIN [INNER JOIN]
|  hash predicates: ss_customer_sk % 10 = c_customer_sk / 100
|  fk/pk conjuncts: assumed fk/pk
|  runtime filters: RF000[bloom] <- c_customer_sk / 100
|  mem-estimate=34.00MB mem-reservation=34.00MB spill-buffer=2.00MB thread-reservation=0
|  tuple-ids=0,1 row-size=319B cardinality=2.88M
|  in pipelines: 00(GETNEXT), 01(OPEN)
|
|--01:SCAN HDFS [tpcds.customer]
|     partitions=1/1 files=1 size=12.60MB
|     stored statistics:
|       table: rows=100.00K size=12.60MB
|       columns: all
|     extrapolated-rows=disabled max-scan-range-rows=100.00K
|     mem-estimate=48.00MB mem-reservation=8.00MB thread-reservation=1
|     tuple-ids=1 row-size=219B cardinality=100.00K
|     in pipelines: 01(GETNEXT)
|
00:SCAN HDFS [tpcds.store_sales]
   partitions=1824/1824 files=1824 size=346.60MB
   runtime filters: RF000[bloom] -> ss_customer_sk % 10
   stored statistics:
     table: rows=2.88M size=346.60MB
     partitions: 1824/1824 rows=2.88M
     columns: all
   extrapolated-rows=disabled max-scan-range-rows=130.09K
   mem-estimate=128.00MB mem-reservation=8.00MB thread-reservation=1
   tuple-ids=0 row-size=100B cardinality=2.88M
   in pipelines: 00(GETNEXT)
====
# Assumed FK/PK join due to missing stats on the rhs. Join cardinality is equal to
# the lhs cardinality.
select 1 from
tpcds.store_sales inner join tpcds_seq_snap.customer
on ss_customer_sk = c_customer_sk
---- PLAN
F00:PLAN FRAGMENT [UNPARTITIONED] hosts=1 instances=1
|  Per-Host Resources: mem-estimate=2.17GB mem-reservation=51.00MB thread-reservation=3 runtime-filters-memory=1.00MB
PLAN-ROOT SINK
|  mem-estimate=0B mem-reservation=0B thread-reservation=0
|
02:HASH JOIN [INNER JOIN]
|  hash predicates: ss_customer_sk = c_customer_sk
|  fk/pk conjuncts: assumed fk/pk
|  runtime filters: RF000[bloom] <- c_customer_sk
|  mem-estimate=2.00GB mem-reservation=34.00MB spill-buffer=2.00MB thread-reservation=0
|  tuple-ids=0,1 row-size=8B cardinality=2.88M
|  in pipelines: 00(GETNEXT), 01(OPEN)
|
|--01:SCAN HDFS [tpcds_seq_snap.customer]
|     partitions=1/1 files=1 size=8.58MB
|     stored statistics:
|       table: rows=unavailable size=8.58MB
|       columns: unavailable
|     extrapolated-rows=disabled max-scan-range-rows=unavailable
|     mem-estimate=48.00MB mem-reservation=8.00MB thread-reservation=1
|     tuple-ids=1 row-size=4B cardinality=unavailable
|     in pipelines: 01(GETNEXT)
|
00:SCAN HDFS [tpcds.store_sales]
   partitions=1824/1824 files=1824 size=346.60MB
   runtime filters: RF000[bloom] -> ss_customer_sk
   stored statistics:
     table: rows=2.88M size=346.60MB
     partitions: 1824/1824 rows=2.88M
     columns: all
   extrapolated-rows=disabled max-scan-range-rows=130.09K
   mem-estimate=128.00MB mem-reservation=8.00MB thread-reservation=1
   tuple-ids=0 row-size=4B cardinality=2.88M
   in pipelines: 00(GETNEXT)
====
# Assumed FK/PK join due to missing stats on the lhs. Join cardinality is unknown.
select /* +straight_join */ 1 from
tpcds_seq_snap.store_sales inner join tpcds.customer
on ss_customer_sk = c_customer_sk
---- PLAN
F00:PLAN FRAGMENT [UNPARTITIONED] hosts=1 instances=1
|  Per-Host Resources: mem-estimate=178.94MB mem-reservation=18.94MB thread-reservation=3 runtime-filters-memory=1.00MB
PLAN-ROOT SINK
|  mem-estimate=0B mem-reservation=0B thread-reservation=0
|
02:HASH JOIN [INNER JOIN]
|  hash predicates: ss_customer_sk = c_customer_sk
|  fk/pk conjuncts: assumed fk/pk
|  runtime filters: RF000[bloom] <- c_customer_sk
|  mem-estimate=1.94MB mem-reservation=1.94MB spill-buffer=64.00KB thread-reservation=0
|  tuple-ids=0,1 row-size=8B cardinality=unavailable
|  in pipelines: 00(GETNEXT), 01(OPEN)
|
|--01:SCAN HDFS [tpcds.customer]
|     partitions=1/1 files=1 size=12.60MB
|     stored statistics:
|       table: rows=100.00K size=12.60MB
|       columns: all
|     extrapolated-rows=disabled max-scan-range-rows=100.00K
|     mem-estimate=48.00MB mem-reservation=8.00MB thread-reservation=1
|     tuple-ids=1 row-size=4B cardinality=100.00K
|     in pipelines: 01(GETNEXT)
|
00:SCAN HDFS [tpcds_seq_snap.store_sales]
   partitions=1824/1824 files=1824 size=212.80MB
   runtime filters: RF000[bloom] -> ss_customer_sk
   stored statistics:
     table: rows=unavailable size=unavailable
     partitions: 0/1824 rows=unavailable
     columns: unavailable
   extrapolated-rows=disabled max-scan-range-rows=unavailable
   mem-estimate=128.00MB mem-reservation=8.00MB thread-reservation=1
   tuple-ids=0 row-size=4B cardinality=unavailable
   in pipelines: 00(GETNEXT)
====
# Join is detected as many-to-many even though the rhs join columns
# are in a group by on the rhs input.
select * from
tpcds.store_sales inner join
(select distinct ws_sold_time_sk from tpcds.web_sales) v
on ss_sold_time_sk = ws_sold_time_sk
---- PLAN
F00:PLAN FRAGMENT [UNPARTITIONED] hosts=1 instances=1
|  Per-Host Resources: mem-estimate=299.00MB mem-reservation=18.94MB thread-reservation=3 runtime-filters-memory=1.00MB
PLAN-ROOT SINK
|  mem-estimate=0B mem-reservation=0B thread-reservation=0
|
03:HASH JOIN [INNER JOIN]
|  hash predicates: ss_sold_time_sk = ws_sold_time_sk
|  fk/pk conjuncts: none
|  runtime filters: RF000[bloom] <- ws_sold_time_sk
|  mem-estimate=1.94MB mem-reservation=1.94MB spill-buffer=64.00KB thread-reservation=0
|  tuple-ids=0,2 row-size=104B cardinality=2.44M
|  in pipelines: 00(GETNEXT), 02(OPEN)
|
|--02:AGGREGATE [FINALIZE]
|  |  group by: ws_sold_time_sk
|  |  mem-estimate=10.00MB mem-reservation=1.94MB spill-buffer=64.00KB thread-reservation=0
|  |  tuple-ids=2 row-size=4B cardinality=39.77K
|  |  in pipelines: 02(GETNEXT), 01(OPEN)
|  |
|  01:SCAN HDFS [tpcds.web_sales]
|     partitions=1/1 files=1 size=140.07MB
|     stored statistics:
|       table: rows=719.38K size=140.07MB
|       columns: all
|     extrapolated-rows=disabled max-scan-range-rows=657.38K
|     mem-estimate=160.00MB mem-reservation=8.00MB thread-reservation=1
|     tuple-ids=1 row-size=4B cardinality=719.38K
|     in pipelines: 01(GETNEXT)
|
00:SCAN HDFS [tpcds.store_sales]
   partitions=1824/1824 files=1824 size=346.60MB
   runtime filters: RF000[bloom] -> ss_sold_time_sk
   stored statistics:
     table: rows=2.88M size=346.60MB
     partitions: 1824/1824 rows=2.88M
     columns: all
   extrapolated-rows=disabled max-scan-range-rows=130.09K
   mem-estimate=128.00MB mem-reservation=8.00MB thread-reservation=1
   tuple-ids=0 row-size=100B cardinality=2.88M
   in pipelines: 00(GETNEXT)
====
