select name, zip
from functional.testtbl
order by name offset 5
---- PLAN
PLAN-ROOT SINK
|
01:SORT
|  order by: name ASC
|  row-size=16B cardinality=0
|
00:SCAN HDFS [functional.testtbl]
   partitions=1/1 files=0 size=0B
   row-size=16B cardinality=0
---- DISTRIBUTEDPLAN
PLAN-ROOT SINK
|
02:MERGING-EXCHANGE [UNPARTITIONED]
|  offset: 5
|  order by: name ASC
|
01:SORT
|  order by: name ASC
|  row-size=16B cardinality=0
|
00:SCAN HDFS [functional.testtbl]
   partitions=1/1 files=0 size=0B
   row-size=16B cardinality=0
====
select name, zip
from functional.testtbl
order by name
---- PLAN
PLAN-ROOT SINK
|
01:SORT
|  order by: name ASC
|  row-size=16B cardinality=0
|
00:SCAN HDFS [functional.testtbl]
   partitions=1/1 files=0 size=0B
   row-size=16B cardinality=0
---- DISTRIBUTEDPLAN
PLAN-ROOT SINK
|
02:MERGING-EXCHANGE [UNPARTITIONED]
|  order by: name ASC
|
01:SORT
|  order by: name ASC
|  row-size=16B cardinality=0
|
00:SCAN HDFS [functional.testtbl]
   partitions=1/1 files=0 size=0B
   row-size=16B cardinality=0
====
select zip, count(*)
from functional.testtbl
where name like 'm%'
group by 1
order by 2 desc
---- PLAN
PLAN-ROOT SINK
|
02:SORT
|  order by: count(*) DESC
|  row-size=12B cardinality=0
|
01:AGGREGATE [FINALIZE]
|  output: count(*)
|  group by: zip
|  row-size=12B cardinality=0
|
00:SCAN HDFS [functional.testtbl]
   partitions=1/1 files=0 size=0B
   predicates: name LIKE 'm%'
   row-size=16B cardinality=0
---- DISTRIBUTEDPLAN
PLAN-ROOT SINK
|
05:MERGING-EXCHANGE [UNPARTITIONED]
|  order by: count(*) DESC
|
02:SORT
|  order by: count(*) DESC
|  row-size=12B cardinality=0
|
04:AGGREGATE [FINALIZE]
|  output: count:merge(*)
|  group by: zip
|  row-size=12B cardinality=0
|
03:EXCHANGE [HASH(zip)]
|
01:AGGREGATE [STREAMING]
|  output: count(*)
|  group by: zip
|  row-size=12B cardinality=0
|
00:SCAN HDFS [functional.testtbl]
   partitions=1/1 files=0 size=0B
   predicates: name LIKE 'm%'
   row-size=16B cardinality=0
====
select int_col, sum(float_col)
from functional_hbase.alltypessmall
where id < 5
group by 1
order by 2
---- PLAN
PLAN-ROOT SINK
|
02:SORT
|  order by: sum(float_col) ASC
|  row-size=12B cardinality=5
|
01:AGGREGATE [FINALIZE]
|  output: sum(float_col)
|  group by: int_col
|  row-size=12B cardinality=5
|
00:SCAN HBASE [functional_hbase.alltypessmall]
   predicates: id < 5
   row-size=12B cardinality=5
---- DISTRIBUTEDPLAN
PLAN-ROOT SINK
|
05:MERGING-EXCHANGE [UNPARTITIONED]
|  order by: sum(float_col) ASC
|
02:SORT
|  order by: sum(float_col) ASC
|  row-size=12B cardinality=5
|
04:AGGREGATE [FINALIZE]
|  output: sum:merge(float_col)
|  group by: int_col
|  row-size=12B cardinality=5
|
03:EXCHANGE [HASH(int_col)]
|
01:AGGREGATE [STREAMING]
|  output: sum(float_col)
|  group by: int_col
|  row-size=12B cardinality=5
|
00:SCAN HBASE [functional_hbase.alltypessmall]
   predicates: id < 5
   row-size=12B cardinality=5
====
select int_col, sum(float_col), min(float_col)
from functional_hbase.alltypessmall
group by 1
order by 2,3 desc
---- PLAN
PLAN-ROOT SINK
|
02:SORT
|  order by: sum(float_col) ASC, min(float_col) DESC
|  row-size=16B cardinality=10
|
01:AGGREGATE [FINALIZE]
|  output: sum(float_col), min(float_col)
|  group by: int_col
|  row-size=16B cardinality=10
|
00:SCAN HBASE [functional_hbase.alltypessmall]
   row-size=8B cardinality=50
---- DISTRIBUTEDPLAN
PLAN-ROOT SINK
|
05:MERGING-EXCHANGE [UNPARTITIONED]
|  order by: sum(float_col) ASC, min(float_col) DESC
|
02:SORT
|  order by: sum(float_col) ASC, min(float_col) DESC
|  row-size=16B cardinality=10
|
04:AGGREGATE [FINALIZE]
|  output: sum:merge(float_col), min:merge(float_col)
|  group by: int_col
|  row-size=16B cardinality=10
|
03:EXCHANGE [HASH(int_col)]
|
01:AGGREGATE [STREAMING]
|  output: sum(float_col), min(float_col)
|  group by: int_col
|  row-size=16B cardinality=10
|
00:SCAN HBASE [functional_hbase.alltypessmall]
   row-size=8B cardinality=50
====
# Test that the sort is on int_col and not on the id column
select int_col as id from functional.alltypessmall order by id
---- PLAN
PLAN-ROOT SINK
|
01:SORT
|  order by: int_col ASC
|  row-size=4B cardinality=100
|
00:SCAN HDFS [functional.alltypessmall]
   partitions=4/4 files=4 size=6.32KB
   row-size=4B cardinality=100
---- DISTRIBUTEDPLAN
PLAN-ROOT SINK
|
02:MERGING-EXCHANGE [UNPARTITIONED]
|  order by: int_col ASC
|
01:SORT
|  order by: int_col ASC
|  row-size=4B cardinality=100
|
00:SCAN HDFS [functional.alltypessmall]
   partitions=4/4 files=4 size=6.32KB
   row-size=4B cardinality=100
====
# Test that the sort is on id and not on int_col
select int_col as id from functional.alltypessmall order by functional.alltypessmall.id
---- PLAN
PLAN-ROOT SINK
|
01:SORT
|  order by: id ASC
|  row-size=8B cardinality=100
|
00:SCAN HDFS [functional.alltypessmall]
   partitions=4/4 files=4 size=6.32KB
   row-size=8B cardinality=100
---- DISTRIBUTEDPLAN
PLAN-ROOT SINK
|
02:MERGING-EXCHANGE [UNPARTITIONED]
|  order by: id ASC
|
01:SORT
|  order by: id ASC
|  row-size=8B cardinality=100
|
00:SCAN HDFS [functional.alltypessmall]
   partitions=4/4 files=4 size=6.32KB
   row-size=8B cardinality=100
====
# test distributed sort over a union
select int_col, bigint_col from
  (select * from functional.alltypes
   union all
   select * from functional.alltypessmall) t
order by int_col desc offset 5
---- PLAN
PLAN-ROOT SINK
|
03:SORT
|  order by: int_col DESC
|  row-size=12B cardinality=7.40K
|
00:UNION
|  pass-through-operands: all
|  row-size=12B cardinality=7.40K
|
|--02:SCAN HDFS [functional.alltypessmall]
|     partitions=4/4 files=4 size=6.32KB
|     row-size=12B cardinality=100
|
01:SCAN HDFS [functional.alltypes]
   partitions=24/24 files=24 size=478.45KB
   row-size=12B cardinality=7.30K
---- DISTRIBUTEDPLAN
PLAN-ROOT SINK
|
04:MERGING-EXCHANGE [UNPARTITIONED]
|  offset: 5
|  order by: int_col DESC
|
03:SORT
|  order by: int_col DESC
|  row-size=12B cardinality=7.40K
|
00:UNION
|  pass-through-operands: all
|  row-size=12B cardinality=7.40K
|
|--02:SCAN HDFS [functional.alltypessmall]
|     partitions=4/4 files=4 size=6.32KB
|     row-size=12B cardinality=100
|
01:SCAN HDFS [functional.alltypes]
   partitions=24/24 files=24 size=478.45KB
   row-size=12B cardinality=7.30K
====
# test distributed sort over a union distinct
select int_col, bigint_col from
  (select * from functional.alltypes
   union distinct
   select * from functional.alltypessmall) t
order by int_col desc offset 5
---- PLAN
PLAN-ROOT SINK
|
04:SORT
|  order by: int_col DESC
|  row-size=12B cardinality=7.40K
|
03:AGGREGATE [FINALIZE]
|  group by: id, bool_col, tinyint_col, smallint_col, int_col, bigint_col, float_col, double_col, date_string_col, string_col, timestamp_col, year, month
|  row-size=89B cardinality=7.40K
|
00:UNION
|  pass-through-operands: all
|  row-size=89B cardinality=7.40K
|
|--02:SCAN HDFS [functional.alltypessmall]
|     partitions=4/4 files=4 size=6.32KB
|     row-size=89B cardinality=100
|
01:SCAN HDFS [functional.alltypes]
   partitions=24/24 files=24 size=478.45KB
   row-size=89B cardinality=7.30K
---- DISTRIBUTEDPLAN
PLAN-ROOT SINK
|
07:MERGING-EXCHANGE [UNPARTITIONED]
|  offset: 5
|  order by: int_col DESC
|
04:SORT
|  order by: int_col DESC
|  row-size=12B cardinality=7.40K
|
06:AGGREGATE [FINALIZE]
|  group by: id, bool_col, tinyint_col, smallint_col, int_col, bigint_col, float_col, double_col, date_string_col, string_col, timestamp_col, year, month
|  row-size=89B cardinality=7.40K
|
05:EXCHANGE [HASH(id,bool_col,tinyint_col,smallint_col,int_col,bigint_col,float_col,double_col,date_string_col,string_col,timestamp_col,year,month)]
|
03:AGGREGATE [STREAMING]
|  group by: id, bool_col, tinyint_col, smallint_col, int_col, bigint_col, float_col, double_col, date_string_col, string_col, timestamp_col, year, month
|  row-size=89B cardinality=7.40K
|
00:UNION
|  pass-through-operands: all
|  row-size=89B cardinality=7.40K
|
|--02:SCAN HDFS [functional.alltypessmall]
|     partitions=4/4 files=4 size=6.32KB
|     row-size=89B cardinality=100
|
01:SCAN HDFS [functional.alltypes]
   partitions=24/24 files=24 size=478.45KB
   row-size=89B cardinality=7.30K
====
# simple join
select j.*, d.* from functional.JoinTbl j full outer join functional.DimTbl d
on (j.test_id = d.id)
order by j.test_id, j.test_name, j.test_zip, j.alltypes_id, d.name
---- PLAN
PLAN-ROOT SINK
|
03:SORT
|  order by: test_id ASC, test_name ASC, test_zip ASC, alltypes_id ASC, name ASC
|  row-size=63B cardinality=29
|
02:HASH JOIN [FULL OUTER JOIN]
|  hash predicates: j.test_id = d.id
|  row-size=63B cardinality=29
|
|--01:SCAN HDFS [functional.dimtbl d]
|     partitions=1/1 files=1 size=171B
|     row-size=29B cardinality=10
|
00:SCAN HDFS [functional.jointbl j]
   partitions=1/1 files=1 size=433B
   row-size=33B cardinality=19
---- DISTRIBUTEDPLAN
PLAN-ROOT SINK
|
06:MERGING-EXCHANGE [UNPARTITIONED]
|  order by: test_id ASC, test_name ASC, test_zip ASC, alltypes_id ASC, name ASC
|
03:SORT
|  order by: test_id ASC, test_name ASC, test_zip ASC, alltypes_id ASC, name ASC
|  row-size=63B cardinality=29
|
02:HASH JOIN [FULL OUTER JOIN, PARTITIONED]
|  hash predicates: j.test_id = d.id
|  row-size=63B cardinality=29
|
|--05:EXCHANGE [HASH(d.id)]
|  |
|  01:SCAN HDFS [functional.dimtbl d]
|     partitions=1/1 files=1 size=171B
|     row-size=29B cardinality=10
|
04:EXCHANGE [HASH(j.test_id)]
|
00:SCAN HDFS [functional.jointbl j]
   partitions=1/1 files=1 size=433B
   row-size=33B cardinality=19
====
# more joins
select a.smallint_col, b.id, a.tinyint_col, c.id, a.int_col, b.float_col, c.string_col
from functional.alltypesagg a
join functional.alltypessmall b on (a.smallint_col = b.id)
join functional.alltypessmall c on (a.tinyint_col = c.id)
where a.month=1
and a.day=1
and a.int_col > 899
and b.float_col > 4.5
and c.string_col < '7'
and a.int_col + b.float_col + cast(c.string_col as float) < 1000
order by c.string_col desc, a.smallint_col
---- PLAN
PLAN-ROOT SINK
|
05:SORT
|  order by: string_col DESC, smallint_col ASC
|  row-size=32B cardinality=11
|
04:HASH JOIN [INNER JOIN]
|  hash predicates: c.id = a.tinyint_col
|  other predicates: a.int_col + b.float_col + CAST(c.string_col AS FLOAT) < 1000
|  runtime filters: RF000 <- a.tinyint_col
|  row-size=32B cardinality=11
|
|--03:HASH JOIN [INNER JOIN]
|  |  hash predicates: a.smallint_col = b.id
|  |  runtime filters: RF002 <- b.id
|  |  row-size=15B cardinality=11
|  |
|  |--01:SCAN HDFS [functional.alltypessmall b]
|  |     partitions=4/4 files=4 size=6.32KB
|  |     predicates: b.float_col > 4.5
|  |     row-size=8B cardinality=10
|  |
|  00:SCAN HDFS [functional.alltypesagg a]
|     partition predicates: a.`month` = 1, a.`day` = 1
|     partitions=1/11 files=1 size=73.39KB
|     predicates: a.int_col > 899
|     runtime filters: RF002 -> a.smallint_col
|     row-size=7B cardinality=100
|
02:SCAN HDFS [functional.alltypessmall c]
   partitions=4/4 files=4 size=6.32KB
   predicates: c.string_col < '7'
   runtime filters: RF000 -> c.id
   row-size=17B cardinality=10
---- DISTRIBUTEDPLAN
PLAN-ROOT SINK
|
10:MERGING-EXCHANGE [UNPARTITIONED]
|  order by: string_col DESC, smallint_col ASC
|
05:SORT
|  order by: string_col DESC, smallint_col ASC
|  row-size=32B cardinality=11
|
04:HASH JOIN [INNER JOIN, PARTITIONED]
|  hash predicates: c.id = a.tinyint_col
|  other predicates: a.int_col + b.float_col + CAST(c.string_col AS FLOAT) < 1000
|  runtime filters: RF000 <- a.tinyint_col
|  row-size=32B cardinality=11
|
|--09:EXCHANGE [HASH(a.tinyint_col)]
|  |
|  03:HASH JOIN [INNER JOIN, PARTITIONED]
|  |  hash predicates: b.id = a.smallint_col
|  |  runtime filters: RF002 <- a.smallint_col
|  |  row-size=15B cardinality=11
|  |
|  |--07:EXCHANGE [HASH(a.smallint_col)]
|  |  |
|  |  00:SCAN HDFS [functional.alltypesagg a]
|  |     partition predicates: a.`month` = 1, a.`day` = 1
|  |     partitions=1/11 files=1 size=73.39KB
|  |     predicates: a.int_col > 899
|  |     row-size=7B cardinality=100
|  |
|  06:EXCHANGE [HASH(b.id)]
|  |
|  01:SCAN HDFS [functional.alltypessmall b]
|     partitions=4/4 files=4 size=6.32KB
|     predicates: b.float_col > 4.5
|     runtime filters: RF002 -> b.id
|     row-size=8B cardinality=10
|
08:EXCHANGE [HASH(c.id)]
|
02:SCAN HDFS [functional.alltypessmall c]
   partitions=4/4 files=4 size=6.32KB
   predicates: c.string_col < '7'
   runtime filters: RF000 -> c.id
   row-size=17B cardinality=10
====
# agg in ordering
select int_col, count(*), avg(tinyint_col)
from functional.alltypesagg
group by 1
order by avg(tinyint_col)
---- PLAN
PLAN-ROOT SINK
|
02:SORT
|  order by: avg(tinyint_col) ASC
|  row-size=20B cardinality=957
|
01:AGGREGATE [FINALIZE]
|  output: count(*), avg(tinyint_col)
|  group by: int_col
|  row-size=20B cardinality=957
|
00:SCAN HDFS [functional.alltypesagg]
   partitions=11/11 files=11 size=814.73KB
   row-size=5B cardinality=11.00K
---- DISTRIBUTEDPLAN
PLAN-ROOT SINK
|
05:MERGING-EXCHANGE [UNPARTITIONED]
|  order by: avg(tinyint_col) ASC
|
02:SORT
|  order by: avg(tinyint_col) ASC
|  row-size=20B cardinality=957
|
04:AGGREGATE [FINALIZE]
|  output: count:merge(*), avg:merge(tinyint_col)
|  group by: int_col
|  row-size=20B cardinality=957
|
03:EXCHANGE [HASH(int_col)]
|
01:AGGREGATE [STREAMING]
|  output: count(*), avg(tinyint_col)
|  group by: int_col
|  row-size=20B cardinality=957
|
00:SCAN HDFS [functional.alltypesagg]
   partitions=11/11 files=11 size=814.73KB
   row-size=5B cardinality=11.00K
====
# outer join
select t1.id, t1.int_col, t2.id, t2.int_col
from functional.alltypesagg t1
left outer join functional.alltypessmall t2
  on (t1.int_col = t2.int_col)
order by t1.id,t2.id
---- PLAN
PLAN-ROOT SINK
|
03:SORT
|  order by: id ASC, id ASC
|  row-size=16B cardinality=11.00K
|
02:HASH JOIN [LEFT OUTER JOIN]
|  hash predicates: t1.int_col = t2.int_col
|  row-size=16B cardinality=11.00K
|
|--01:SCAN HDFS [functional.alltypessmall t2]
|     partitions=4/4 files=4 size=6.32KB
|     row-size=8B cardinality=100
|
00:SCAN HDFS [functional.alltypesagg t1]
   partitions=11/11 files=11 size=814.73KB
   row-size=8B cardinality=11.00K
---- DISTRIBUTEDPLAN
PLAN-ROOT SINK
|
05:MERGING-EXCHANGE [UNPARTITIONED]
|  order by: id ASC, id ASC
|
03:SORT
|  order by: id ASC, id ASC
|  row-size=16B cardinality=11.00K
|
02:HASH JOIN [LEFT OUTER JOIN, BROADCAST]
|  hash predicates: t1.int_col = t2.int_col
|  row-size=16B cardinality=11.00K
|
|--04:EXCHANGE [BROADCAST]
|  |
|  01:SCAN HDFS [functional.alltypessmall t2]
|     partitions=4/4 files=4 size=6.32KB
|     row-size=8B cardinality=100
|
00:SCAN HDFS [functional.alltypesagg t1]
   partitions=11/11 files=11 size=814.73KB
   row-size=8B cardinality=11.00K
====
# cross join
select t1.id, t2.id from functional.alltypestiny t1 cross join functional.alltypestiny t2
where (t1.id < 3 and t2.id < 3)
order by t1.id, t2.id
---- PLAN
PLAN-ROOT SINK
|
03:SORT
|  order by: id ASC, id ASC
|  row-size=8B cardinality=1
|
02:NESTED LOOP JOIN [CROSS JOIN]
|  row-size=8B cardinality=1
|
|--01:SCAN HDFS [functional.alltypestiny t2]
|     partitions=4/4 files=4 size=460B
|     predicates: t2.id < 3
|     row-size=4B cardinality=1
|
00:SCAN HDFS [functional.alltypestiny t1]
   partitions=4/4 files=4 size=460B
   predicates: t1.id < 3
   row-size=4B cardinality=1
---- DISTRIBUTEDPLAN
PLAN-ROOT SINK
|
05:MERGING-EXCHANGE [UNPARTITIONED]
|  order by: id ASC, id ASC
|
03:SORT
|  order by: id ASC, id ASC
|  row-size=8B cardinality=1
|
02:NESTED LOOP JOIN [CROSS JOIN, BROADCAST]
|  row-size=8B cardinality=1
|
|--04:EXCHANGE [BROADCAST]
|  |
|  01:SCAN HDFS [functional.alltypestiny t2]
|     partitions=4/4 files=4 size=460B
|     predicates: t2.id < 3
|     row-size=4B cardinality=1
|
00:SCAN HDFS [functional.alltypestiny t1]
   partitions=4/4 files=4 size=460B
   predicates: t1.id < 3
   row-size=4B cardinality=1
====
# union queries with mutiple operands/union types.
select id, bool_col, tinyint_col, smallint_col, int_col, bigint_col, float_col, double_col, date_string_col, string_col, timestamp_col, year, month from functional.alltypestiny where year=2009 and month=1
union all
select id, bool_col, tinyint_col, smallint_col, int_col, bigint_col, float_col, double_col, date_string_col, string_col, timestamp_col, year, month from functional.alltypestiny where year=2009 and month=1
union all
select id, bool_col, tinyint_col, smallint_col, int_col, bigint_col, float_col, double_col, date_string_col, string_col, timestamp_col, year, month from functional.alltypestiny where year=2009 and month=2
union distinct
(select id, bool_col, tinyint_col, smallint_col, int_col, bigint_col, float_col, double_col, date_string_col, string_col, timestamp_col, year, month from functional.alltypestiny where year=2009 and month=2)
order by 1
---- PLAN
PLAN-ROOT SINK
|
06:SORT
|  order by: id ASC
|  row-size=89B cardinality=8
|
05:AGGREGATE [FINALIZE]
|  group by: id, bool_col, tinyint_col, smallint_col, int_col, bigint_col, float_col, double_col, date_string_col, string_col, timestamp_col, year, month
|  row-size=89B cardinality=8
|
00:UNION
|  pass-through-operands: all
|  row-size=89B cardinality=8
|
|--04:SCAN HDFS [functional.alltypestiny]
|     partition predicates: `year` = 2009, `month` = 2
|     partitions=1/4 files=1 size=115B
|     row-size=89B cardinality=2
|
|--03:SCAN HDFS [functional.alltypestiny]
|     partition predicates: `year` = 2009, `month` = 2
|     partitions=1/4 files=1 size=115B
|     row-size=89B cardinality=2
|
|--02:SCAN HDFS [functional.alltypestiny]
|     partition predicates: `year` = 2009, `month` = 1
|     partitions=1/4 files=1 size=115B
|     row-size=89B cardinality=2
|
01:SCAN HDFS [functional.alltypestiny]
   partition predicates: `year` = 2009, `month` = 1
   partitions=1/4 files=1 size=115B
   row-size=89B cardinality=2
---- DISTRIBUTEDPLAN
PLAN-ROOT SINK
|
09:MERGING-EXCHANGE [UNPARTITIONED]
|  order by: id ASC
|
06:SORT
|  order by: id ASC
|  row-size=89B cardinality=8
|
08:AGGREGATE [FINALIZE]
|  group by: id, bool_col, tinyint_col, smallint_col, int_col, bigint_col, float_col, double_col, date_string_col, string_col, timestamp_col, year, month
|  row-size=89B cardinality=8
|
07:EXCHANGE [HASH(id,bool_col,tinyint_col,smallint_col,int_col,bigint_col,float_col,double_col,date_string_col,string_col,timestamp_col,year,month)]
|
05:AGGREGATE [STREAMING]
|  group by: id, bool_col, tinyint_col, smallint_col, int_col, bigint_col, float_col, double_col, date_string_col, string_col, timestamp_col, year, month
|  row-size=89B cardinality=8
|
00:UNION
|  pass-through-operands: all
|  row-size=89B cardinality=8
|
|--04:SCAN HDFS [functional.alltypestiny]
|     partition predicates: `year` = 2009, `month` = 2
|     partitions=1/4 files=1 size=115B
|     row-size=89B cardinality=2
|
|--03:SCAN HDFS [functional.alltypestiny]
|     partition predicates: `year` = 2009, `month` = 2
|     partitions=1/4 files=1 size=115B
|     row-size=89B cardinality=2
|
|--02:SCAN HDFS [functional.alltypestiny]
|     partition predicates: `year` = 2009, `month` = 1
|     partitions=1/4 files=1 size=115B
|     row-size=89B cardinality=2
|
01:SCAN HDFS [functional.alltypestiny]
   partition predicates: `year` = 2009, `month` = 1
   partitions=1/4 files=1 size=115B
   row-size=89B cardinality=2
====
select id, bool_col, tinyint_col, smallint_col, int_col, bigint_col, float_col, double_col, date_string_col, string_col, timestamp_col, year, month from functional.alltypestiny where year=2009 and month=1
union distinct
select id, bool_col, tinyint_col, smallint_col, int_col, bigint_col, float_col, double_col, date_string_col, string_col, timestamp_col, year, month from functional.alltypestiny where year=2009 and month=1
union all
select id, bool_col, tinyint_col, smallint_col, int_col, bigint_col, float_col, double_col, date_string_col, string_col, timestamp_col, year, month from functional.alltypestiny where year=2009 and month=2
union all
(select id, bool_col, tinyint_col, smallint_col, int_col, bigint_col, float_col, double_col, date_string_col, string_col, timestamp_col, year, month from functional.alltypestiny where year=2009 and month=2)
order by 1,2
---- PLAN
PLAN-ROOT SINK
|
07:SORT
|  order by: id ASC, bool_col ASC
|  row-size=89B cardinality=8
|
04:UNION
|  pass-through-operands: all
|  row-size=89B cardinality=8
|
|--03:AGGREGATE [FINALIZE]
|  |  group by: id, bool_col, tinyint_col, smallint_col, int_col, bigint_col, float_col, double_col, date_string_col, string_col, timestamp_col, year, month
|  |  row-size=89B cardinality=4
|  |
|  00:UNION
|  |  pass-through-operands: all
|  |  row-size=89B cardinality=4
|  |
|  |--02:SCAN HDFS [functional.alltypestiny]
|  |     partition predicates: `year` = 2009, `month` = 1
|  |     partitions=1/4 files=1 size=115B
|  |     row-size=89B cardinality=2
|  |
|  01:SCAN HDFS [functional.alltypestiny]
|     partition predicates: `year` = 2009, `month` = 1
|     partitions=1/4 files=1 size=115B
|     row-size=89B cardinality=2
|
|--06:SCAN HDFS [functional.alltypestiny]
|     partition predicates: `year` = 2009, `month` = 2
|     partitions=1/4 files=1 size=115B
|     row-size=89B cardinality=2
|
05:SCAN HDFS [functional.alltypestiny]
   partition predicates: `year` = 2009, `month` = 2
   partitions=1/4 files=1 size=115B
   row-size=89B cardinality=2
---- DISTRIBUTEDPLAN
PLAN-ROOT SINK
|
10:MERGING-EXCHANGE [UNPARTITIONED]
|  order by: id ASC, bool_col ASC
|
07:SORT
|  order by: id ASC, bool_col ASC
|  row-size=89B cardinality=8
|
04:UNION
|  pass-through-operands: all
|  row-size=89B cardinality=8
|
|--09:AGGREGATE [FINALIZE]
|  |  group by: id, bool_col, tinyint_col, smallint_col, int_col, bigint_col, float_col, double_col, date_string_col, string_col, timestamp_col, year, month
|  |  row-size=89B cardinality=4
|  |
|  08:EXCHANGE [HASH(id,bool_col,tinyint_col,smallint_col,int_col,bigint_col,float_col,double_col,date_string_col,string_col,timestamp_col,year,month)]
|  |
|  03:AGGREGATE [STREAMING]
|  |  group by: id, bool_col, tinyint_col, smallint_col, int_col, bigint_col, float_col, double_col, date_string_col, string_col, timestamp_col, year, month
|  |  row-size=89B cardinality=4
|  |
|  00:UNION
|  |  pass-through-operands: all
|  |  row-size=89B cardinality=4
|  |
|  |--02:SCAN HDFS [functional.alltypestiny]
|  |     partition predicates: `year` = 2009, `month` = 1
|  |     partitions=1/4 files=1 size=115B
|  |     row-size=89B cardinality=2
|  |
|  01:SCAN HDFS [functional.alltypestiny]
|     partition predicates: `year` = 2009, `month` = 1
|     partitions=1/4 files=1 size=115B
|     row-size=89B cardinality=2
|
|--06:SCAN HDFS [functional.alltypestiny]
|     partition predicates: `year` = 2009, `month` = 2
|     partitions=1/4 files=1 size=115B
|     row-size=89B cardinality=2
|
05:SCAN HDFS [functional.alltypestiny]
   partition predicates: `year` = 2009, `month` = 2
   partitions=1/4 files=1 size=115B
   row-size=89B cardinality=2
====
select id, bool_col, tinyint_col, smallint_col, int_col, bigint_col, float_col, double_col, date_string_col, string_col, timestamp_col, year, month from functional.alltypestiny where year=2009 and month=1
union distinct
  (select id, bool_col, tinyint_col, smallint_col, int_col, bigint_col, float_col, double_col, date_string_col, string_col, timestamp_col, year, month from functional.alltypestiny where year=2009 and month=1
   union all
   select id, bool_col, tinyint_col, smallint_col, int_col, bigint_col, float_col, double_col, date_string_col, string_col, timestamp_col, year, month from functional.alltypestiny where year=2009 and month=2)
union distinct
  (select id, bool_col, tinyint_col, smallint_col, int_col, bigint_col, float_col, double_col, date_string_col, string_col, timestamp_col, year, month from functional.alltypestiny where year=2009 and month=2
   union all
   (select id, bool_col, tinyint_col, smallint_col, int_col, bigint_col, float_col, double_col, date_string_col, string_col, timestamp_col, year, month from functional.alltypestiny where year=2009 and month=3)
   order by 1 limit 3)
union all
  (select id, bool_col, tinyint_col, smallint_col, int_col, bigint_col, float_col, double_col, date_string_col, string_col, timestamp_col, year, month from functional.alltypestiny where year=2009 and month=3
   union all
   select id, bool_col, tinyint_col, smallint_col, int_col, bigint_col, float_col, double_col, date_string_col, string_col, timestamp_col, year, month from functional.alltypestiny where year=2009 and month=4)
union all
  (select id, bool_col, tinyint_col, smallint_col, int_col, bigint_col, float_col, double_col, date_string_col, string_col, timestamp_col, year, month from functional.alltypestiny where year=2009 and month=4
   union all
   (select id, bool_col, tinyint_col, smallint_col, int_col, bigint_col, float_col, double_col, date_string_col, string_col, timestamp_col, year, month from functional.alltypestiny where year=2009 and month=5)
   order by 1 limit 3)
order by 12, 13, 1
---- PLAN
PLAN-ROOT SINK
|
16:SORT
|  order by: year ASC, month ASC, id ASC
|  row-size=89B cardinality=15
|
09:UNION
|  pass-through-operands: all
|  row-size=89B cardinality=15
|
|--08:AGGREGATE [FINALIZE]
|  |  group by: id, bool_col, tinyint_col, smallint_col, int_col, bigint_col, float_col, double_col, date_string_col, string_col, timestamp_col, year, month
|  |  row-size=89B cardinality=9
|  |
|  00:UNION
|  |  pass-through-operands: all
|  |  row-size=89B cardinality=9
|  |
|  |--07:TOP-N [LIMIT=3]
|  |  |  order by: id ASC
|  |  |  row-size=89B cardinality=3
|  |  |
|  |  04:UNION
|  |  |  pass-through-operands: all
|  |  |  row-size=89B cardinality=4
|  |  |
|  |  |--06:SCAN HDFS [functional.alltypestiny]
|  |  |     partition predicates: `year` = 2009, `month` = 3
|  |  |     partitions=1/4 files=1 size=115B
|  |  |     row-size=89B cardinality=2
|  |  |
|  |  05:SCAN HDFS [functional.alltypestiny]
|  |     partition predicates: `year` = 2009, `month` = 2
|  |     partitions=1/4 files=1 size=115B
|  |     row-size=89B cardinality=2
|  |
|  |--03:SCAN HDFS [functional.alltypestiny]
|  |     partition predicates: `year` = 2009, `month` = 2
|  |     partitions=1/4 files=1 size=115B
|  |     row-size=89B cardinality=2
|  |
|  |--02:SCAN HDFS [functional.alltypestiny]
|  |     partition predicates: `year` = 2009, `month` = 1
|  |     partitions=1/4 files=1 size=115B
|  |     row-size=89B cardinality=2
|  |
|  01:SCAN HDFS [functional.alltypestiny]
|     partition predicates: `year` = 2009, `month` = 1
|     partitions=1/4 files=1 size=115B
|     row-size=89B cardinality=2
|
|--15:TOP-N [LIMIT=3]
|  |  order by: id ASC
|  |  row-size=89B cardinality=2
|  |
|  12:UNION
|  |  pass-through-operands: all
|  |  row-size=89B cardinality=2
|  |
|  |--14:SCAN HDFS [functional.alltypestiny]
|  |     partition predicates: `year` = 2009, `month` = 5
|  |     partitions=0/4 files=0 size=0B
|  |     row-size=89B cardinality=0
|  |
|  13:SCAN HDFS [functional.alltypestiny]
|     partition predicates: `year` = 2009, `month` = 4
|     partitions=1/4 files=1 size=115B
|     row-size=89B cardinality=2
|
|--11:SCAN HDFS [functional.alltypestiny]
|     partition predicates: `year` = 2009, `month` = 4
|     partitions=1/4 files=1 size=115B
|     row-size=89B cardinality=2
|
10:SCAN HDFS [functional.alltypestiny]
   partition predicates: `year` = 2009, `month` = 3
   partitions=1/4 files=1 size=115B
   row-size=89B cardinality=2
---- DISTRIBUTEDPLAN
PLAN-ROOT SINK
|
23:MERGING-EXCHANGE [UNPARTITIONED]
|  order by: year ASC, month ASC, id ASC
|
16:SORT
|  order by: year ASC, month ASC, id ASC
|  row-size=89B cardinality=15
|
09:UNION
|  pass-through-operands: all
|  row-size=89B cardinality=15
|
|--21:AGGREGATE [FINALIZE]
|  |  group by: id, bool_col, tinyint_col, smallint_col, int_col, bigint_col, float_col, double_col, date_string_col, string_col, timestamp_col, year, month
|  |  row-size=89B cardinality=9
|  |
|  20:EXCHANGE [HASH(id,bool_col,tinyint_col,smallint_col,int_col,bigint_col,float_col,double_col,date_string_col,string_col,timestamp_col,year,month)]
|  |
|  08:AGGREGATE [STREAMING]
|  |  group by: id, bool_col, tinyint_col, smallint_col, int_col, bigint_col, float_col, double_col, date_string_col, string_col, timestamp_col, year, month
|  |  row-size=89B cardinality=9
|  |
|  00:UNION
|  |  pass-through-operands: all
|  |  row-size=89B cardinality=9
|  |
|  |--19:EXCHANGE [RANDOM]
|  |  |
|  |  18:MERGING-EXCHANGE [UNPARTITIONED]
|  |  |  order by: id ASC
|  |  |  limit: 3
|  |  |
|  |  07:TOP-N [LIMIT=3]
|  |  |  order by: id ASC
|  |  |  row-size=89B cardinality=3
|  |  |
|  |  04:UNION
|  |  |  pass-through-operands: all
|  |  |  row-size=89B cardinality=4
|  |  |
|  |  |--06:SCAN HDFS [functional.alltypestiny]
|  |  |     partition predicates: `year` = 2009, `month` = 3
|  |  |     partitions=1/4 files=1 size=115B
|  |  |     row-size=89B cardinality=2
|  |  |
|  |  05:SCAN HDFS [functional.alltypestiny]
|  |     partition predicates: `year` = 2009, `month` = 2
|  |     partitions=1/4 files=1 size=115B
|  |     row-size=89B cardinality=2
|  |
|  |--03:SCAN HDFS [functional.alltypestiny]
|  |     partition predicates: `year` = 2009, `month` = 2
|  |     partitions=1/4 files=1 size=115B
|  |     row-size=89B cardinality=2
|  |
|  |--02:SCAN HDFS [functional.alltypestiny]
|  |     partition predicates: `year` = 2009, `month` = 1
|  |     partitions=1/4 files=1 size=115B
|  |     row-size=89B cardinality=2
|  |
|  01:SCAN HDFS [functional.alltypestiny]
|     partition predicates: `year` = 2009, `month` = 1
|     partitions=1/4 files=1 size=115B
|     row-size=89B cardinality=2
|
|--22:EXCHANGE [RANDOM]
|  |
|  17:MERGING-EXCHANGE [UNPARTITIONED]
|  |  order by: id ASC
|  |  limit: 3
|  |
|  15:TOP-N [LIMIT=3]
|  |  order by: id ASC
|  |  row-size=89B cardinality=2
|  |
|  12:UNION
|  |  pass-through-operands: all
|  |  row-size=89B cardinality=2
|  |
|  |--14:SCAN HDFS [functional.alltypestiny]
|  |     partition predicates: `year` = 2009, `month` = 5
|  |     partitions=0/4 files=0 size=0B
|  |     row-size=89B cardinality=0
|  |
|  13:SCAN HDFS [functional.alltypestiny]
|     partition predicates: `year` = 2009, `month` = 4
|     partitions=1/4 files=1 size=115B
|     row-size=89B cardinality=2
|
|--11:SCAN HDFS [functional.alltypestiny]
|     partition predicates: `year` = 2009, `month` = 4
|     partitions=1/4 files=1 size=115B
|     row-size=89B cardinality=2
|
10:SCAN HDFS [functional.alltypestiny]
   partition predicates: `year` = 2009, `month` = 3
   partitions=1/4 files=1 size=115B
   row-size=89B cardinality=2
====
# Sort over top-n
select * from (select * from functional.alltypes order by bigint_col limit 10) t
order by int_col
---- PLAN
PLAN-ROOT SINK
|
02:SORT
|  order by: int_col ASC
|  row-size=89B cardinality=10
|
01:TOP-N [LIMIT=10]
|  order by: bigint_col ASC
|  row-size=89B cardinality=10
|
00:SCAN HDFS [functional.alltypes]
   partitions=24/24 files=24 size=478.45KB
   row-size=89B cardinality=7.30K
---- DISTRIBUTEDPLAN
PLAN-ROOT SINK
|
02:SORT
|  order by: int_col ASC
|  row-size=89B cardinality=10
|
03:MERGING-EXCHANGE [UNPARTITIONED]
|  order by: bigint_col ASC
|  limit: 10
|
01:TOP-N [LIMIT=10]
|  order by: bigint_col ASC
|  row-size=89B cardinality=10
|
00:SCAN HDFS [functional.alltypes]
   partitions=24/24 files=24 size=478.45KB
   row-size=89B cardinality=7.30K
====
# Sort over top-n over union
select * from
  (select * from functional.alltypes
   union all
   (select * from functional.alltypessmall) order by bigint_col limit 10) t
order by int_col
---- PLAN
PLAN-ROOT SINK
|
04:SORT
|  order by: int_col ASC
|  row-size=89B cardinality=10
|
03:TOP-N [LIMIT=10]
|  order by: bigint_col ASC
|  row-size=89B cardinality=10
|
00:UNION
|  pass-through-operands: all
|  row-size=89B cardinality=7.40K
|
|--02:SCAN HDFS [functional.alltypessmall]
|     partitions=4/4 files=4 size=6.32KB
|     row-size=89B cardinality=100
|
01:SCAN HDFS [functional.alltypes]
   partitions=24/24 files=24 size=478.45KB
   row-size=89B cardinality=7.30K
---- DISTRIBUTEDPLAN
PLAN-ROOT SINK
|
04:SORT
|  order by: int_col ASC
|  row-size=89B cardinality=10
|
05:MERGING-EXCHANGE [UNPARTITIONED]
|  order by: bigint_col ASC
|  limit: 10
|
03:TOP-N [LIMIT=10]
|  order by: bigint_col ASC
|  row-size=89B cardinality=10
|
00:UNION
|  pass-through-operands: all
|  row-size=89B cardinality=7.40K
|
|--02:SCAN HDFS [functional.alltypessmall]
|     partitions=4/4 files=4 size=6.32KB
|     row-size=89B cardinality=100
|
01:SCAN HDFS [functional.alltypes]
   partitions=24/24 files=24 size=478.45KB
   row-size=89B cardinality=7.30K
====
# ignore order by with no limit in subqueries and with clause
with B as (select * from functional.alltypes order by int_col)
select * from
(select * from functional.alltypes order by bigint_col) A
join B on (A.string_col = B.string_col)
---- PLAN
PLAN-ROOT SINK
|
02:HASH JOIN [INNER JOIN]
|  hash predicates: functional.alltypes.string_col = functional.alltypes.string_col
|  runtime filters: RF000 <- functional.alltypes.string_col
|  row-size=178B cardinality=5.33M
|
|--01:SCAN HDFS [functional.alltypes]
|     partitions=24/24 files=24 size=478.45KB
|     row-size=89B cardinality=7.30K
|
00:SCAN HDFS [functional.alltypes]
   partitions=24/24 files=24 size=478.45KB
   runtime filters: RF000 -> functional.alltypes.string_col
   row-size=89B cardinality=7.30K
---- DISTRIBUTEDPLAN
PLAN-ROOT SINK
|
05:EXCHANGE [UNPARTITIONED]
|
02:HASH JOIN [INNER JOIN, PARTITIONED]
|  hash predicates: functional.alltypes.string_col = functional.alltypes.string_col
|  runtime filters: RF000 <- functional.alltypes.string_col
|  row-size=178B cardinality=5.33M
|
|--04:EXCHANGE [HASH(functional.alltypes.string_col)]
|  |
|  01:SCAN HDFS [functional.alltypes]
|     partitions=24/24 files=24 size=478.45KB
|     row-size=89B cardinality=7.30K
|
03:EXCHANGE [HASH(functional.alltypes.string_col)]
|
00:SCAN HDFS [functional.alltypes]
   partitions=24/24 files=24 size=478.45KB
   runtime filters: RF000 -> functional.alltypes.string_col
   row-size=89B cardinality=7.30K
====
# ignore order by with no limit in insert
insert into functional.alltypes partition(year, month)
select * from functional.alltypes order by int_col
---- PLAN
WRITE TO HDFS [functional.alltypes, OVERWRITE=false, PARTITION-KEYS=(year,month)]
|  partitions=24
|
01:SORT
|  order by: year ASC NULLS LAST, month ASC NULLS LAST
|  row-size=89B cardinality=7.30K
|
00:SCAN HDFS [functional.alltypes]
   partitions=24/24 files=24 size=478.45KB
   row-size=89B cardinality=7.30K
---- DISTRIBUTEDPLAN
WRITE TO HDFS [functional.alltypes, OVERWRITE=false, PARTITION-KEYS=(year,month)]
|  partitions=24
|
02:SORT
|  order by: year ASC NULLS LAST, month ASC NULLS LAST
|  row-size=89B cardinality=7.30K
|
01:EXCHANGE [HASH(functional.alltypes.year,functional.alltypes.month)]
|
00:SCAN HDFS [functional.alltypes]
   partitions=24/24 files=24 size=478.45KB
   row-size=89B cardinality=7.30K
====
# IMPALA-5293: test that noclustered hint prevents sort node when order by is used without
# limit in insert.
insert into functional.alltypes partition(year, month) /* +noclustered */
select * from functional.alltypes order by int_col
---- PLAN
WRITE TO HDFS [functional.alltypes, OVERWRITE=false, PARTITION-KEYS=(functional.alltypes.year,functional.alltypes.month)]
|  partitions=24
|
00:SCAN HDFS [functional.alltypes]
   partitions=24/24 files=24 size=478.45KB
   row-size=89B cardinality=7.30K
---- DISTRIBUTEDPLAN
WRITE TO HDFS [functional.alltypes, OVERWRITE=false, PARTITION-KEYS=(functional.alltypes.year,functional.alltypes.month)]
|  partitions=24
|
01:EXCHANGE [HASH(functional.alltypes.year,functional.alltypes.month)]
|
00:SCAN HDFS [functional.alltypes]
   partitions=24/24 files=24 size=478.45KB
   row-size=89B cardinality=7.30K
====
# ignore order by with no limit in CTAS
create table functional.alltypescopy as
select * from functional.alltypes order by bigint_col
---- PLAN
WRITE TO HDFS [functional.alltypescopy, OVERWRITE=false]
|  partitions=1
|
00:SCAN HDFS [functional.alltypes]
   partitions=24/24 files=24 size=478.45KB
   row-size=89B cardinality=7.30K
---- DISTRIBUTEDPLAN
WRITE TO HDFS [functional.alltypescopy, OVERWRITE=false]
|  partitions=1
|
00:SCAN HDFS [functional.alltypes]
   partitions=24/24 files=24 size=478.45KB
   row-size=89B cardinality=7.30K
====
# ignore order by with no limit in union operand
select * from functional.alltypes
   union all
select * from functional.alltypessmall order by bigint_col
---- PLAN
PLAN-ROOT SINK
|
00:UNION
|  pass-through-operands: all
|  row-size=89B cardinality=7.40K
|
|--02:SCAN HDFS [functional.alltypessmall]
|     partitions=4/4 files=4 size=6.32KB
|     row-size=89B cardinality=100
|
01:SCAN HDFS [functional.alltypes]
   partitions=24/24 files=24 size=478.45KB
   row-size=89B cardinality=7.30K
---- DISTRIBUTEDPLAN
PLAN-ROOT SINK
|
03:EXCHANGE [UNPARTITIONED]
|
00:UNION
|  pass-through-operands: all
|  row-size=89B cardinality=7.40K
|
|--02:SCAN HDFS [functional.alltypessmall]
|     partitions=4/4 files=4 size=6.32KB
|     row-size=89B cardinality=100
|
01:SCAN HDFS [functional.alltypes]
   partitions=24/24 files=24 size=478.45KB
   row-size=89B cardinality=7.30K
====
# Do not ignore sort over union output
select * from functional.alltypes
   union all
(select * from functional.alltypessmall) order by bigint_col
---- PLAN
PLAN-ROOT SINK
|
03:SORT
|  order by: bigint_col ASC
|  row-size=89B cardinality=7.40K
|
00:UNION
|  pass-through-operands: all
|  row-size=89B cardinality=7.40K
|
|--02:SCAN HDFS [functional.alltypessmall]
|     partitions=4/4 files=4 size=6.32KB
|     row-size=89B cardinality=100
|
01:SCAN HDFS [functional.alltypes]
   partitions=24/24 files=24 size=478.45KB
   row-size=89B cardinality=7.30K
---- DISTRIBUTEDPLAN
PLAN-ROOT SINK
|
04:MERGING-EXCHANGE [UNPARTITIONED]
|  order by: bigint_col ASC
|
03:SORT
|  order by: bigint_col ASC
|  row-size=89B cardinality=7.40K
|
00:UNION
|  pass-through-operands: all
|  row-size=89B cardinality=7.40K
|
|--02:SCAN HDFS [functional.alltypessmall]
|     partitions=4/4 files=4 size=6.32KB
|     row-size=89B cardinality=100
|
01:SCAN HDFS [functional.alltypes]
   partitions=24/24 files=24 size=478.45KB
   row-size=89B cardinality=7.30K
====
# Multiple union operands with valid order-by clauses
select int_col from functional.alltypes order by int_col
 union select int_col from functional.alltypes order by int_col limit 10
 union (select int_col from functional.alltypes order by int_col limit 10 offset 5)
order by int_col offset 5
---- PLAN
PLAN-ROOT SINK
|
07:SORT
|  order by: int_col ASC
|  row-size=4B cardinality=30
|
06:AGGREGATE [FINALIZE]
|  group by: int_col
|  row-size=4B cardinality=30
|
00:UNION
|  pass-through-operands: all
|  row-size=4B cardinality=7.32K
|
|--05:TOP-N [LIMIT=10 OFFSET=5]
|  |  order by: int_col ASC
|  |  row-size=4B cardinality=10
|  |
|  04:SCAN HDFS [functional.alltypes]
|     partitions=24/24 files=24 size=478.45KB
|     row-size=4B cardinality=7.30K
|
|--03:TOP-N [LIMIT=10]
|  |  order by: int_col ASC
|  |  row-size=4B cardinality=10
|  |
|  02:SCAN HDFS [functional.alltypes]
|     partitions=24/24 files=24 size=478.45KB
|     row-size=4B cardinality=7.30K
|
01:SCAN HDFS [functional.alltypes]
   partitions=24/24 files=24 size=478.45KB
   row-size=4B cardinality=7.30K
---- DISTRIBUTEDPLAN
PLAN-ROOT SINK
|
14:MERGING-EXCHANGE [UNPARTITIONED]
|  offset: 5
|  order by: int_col ASC
|
07:SORT
|  order by: int_col ASC
|  row-size=4B cardinality=30
|
13:AGGREGATE [FINALIZE]
|  group by: int_col
|  row-size=4B cardinality=30
|
12:EXCHANGE [HASH(int_col)]
|
06:AGGREGATE [STREAMING]
|  group by: int_col
|  row-size=4B cardinality=30
|
00:UNION
|  pass-through-operands: all
|  row-size=4B cardinality=7.32K
|
|--11:EXCHANGE [RANDOM]
|  |
|  09:MERGING-EXCHANGE [UNPARTITIONED]
|  |  offset: 5
|  |  order by: int_col ASC
|  |  limit: 10
|  |
|  05:TOP-N [LIMIT=15]
|  |  order by: int_col ASC
|  |  row-size=4B cardinality=15
|  |
|  04:SCAN HDFS [functional.alltypes]
|     partitions=24/24 files=24 size=478.45KB
|     row-size=4B cardinality=7.30K
|
|--10:EXCHANGE [RANDOM]
|  |
|  08:MERGING-EXCHANGE [UNPARTITIONED]
|  |  order by: int_col ASC
|  |  limit: 10
|  |
|  03:TOP-N [LIMIT=10]
|  |  order by: int_col ASC
|  |  row-size=4B cardinality=10
|  |
|  02:SCAN HDFS [functional.alltypes]
|     partitions=24/24 files=24 size=478.45KB
|     row-size=4B cardinality=7.30K
|
01:SCAN HDFS [functional.alltypes]
   partitions=24/24 files=24 size=478.45KB
   row-size=4B cardinality=7.30K
====
# Test slot materialization
select * from
  (select 1 x, bigint_col y from
    (select * from
      (select int_col, bigint_col, tinyint_col, smallint_col, id, float_col
        from functional.alltypes
        order by tinyint_col limit 100
       union all
      (select int_col, bigint_col, tinyint_col, smallint_col, id, float_col
        from functional.alltypes
        group by float_col, bigint_col, int_col, tinyint_col, smallint_col, id
        order by int_col limit 100)
     order by bigint_col limit 100) t1
     where smallint_col < 5 order by int_col limit 100) t2
  where id < 10 group by bigint_col
  having sum(float_col) > 10) t3
order by x
---- PLAN
PLAN-ROOT SINK
|
11:SORT
|  order by: x ASC
|  row-size=9B cardinality=1
|
10:AGGREGATE [FINALIZE]
|  output: sum(float_col)
|  group by: bigint_col
|  having: sum(float_col) > 10
|  row-size=16B cardinality=1
|
09:SELECT
|  predicates: id < 10
|  row-size=20B cardinality=1
|
08:TOP-N [LIMIT=100]
|  order by: int_col ASC
|  row-size=20B cardinality=10
|
07:SELECT
|  predicates: smallint_col < 5
|  row-size=22B cardinality=10
|
06:TOP-N [LIMIT=100]
|  order by: bigint_col ASC
|  row-size=22B cardinality=100
|
00:UNION
|  pass-through-operands: 05
|  row-size=22B cardinality=200
|
|--02:TOP-N [LIMIT=100]
|  |  order by: tinyint_col ASC
|  |  row-size=23B cardinality=100
|  |
|  01:SCAN HDFS [functional.alltypes]
|     partitions=24/24 files=24 size=478.45KB
|     row-size=23B cardinality=7.30K
|
05:TOP-N [LIMIT=100]
|  order by: int_col ASC
|  row-size=22B cardinality=100
|
04:AGGREGATE [FINALIZE]
|  group by: float_col, bigint_col, int_col, tinyint_col, smallint_col, id
|  row-size=23B cardinality=7.30K
|
03:SCAN HDFS [functional.alltypes]
   partitions=24/24 files=24 size=478.45KB
   row-size=23B cardinality=7.30K
---- DISTRIBUTEDPLAN
PLAN-ROOT SINK
|
11:SORT
|  order by: x ASC
|  row-size=9B cardinality=1
|
10:AGGREGATE [FINALIZE]
|  output: sum(float_col)
|  group by: bigint_col
|  having: sum(float_col) > 10
|  row-size=16B cardinality=1
|
09:SELECT
|  predicates: id < 10
|  row-size=20B cardinality=1
|
08:TOP-N [LIMIT=100]
|  order by: int_col ASC
|  row-size=20B cardinality=10
|
07:SELECT
|  predicates: smallint_col < 5
|  row-size=22B cardinality=10
|
06:TOP-N [LIMIT=100]
|  order by: bigint_col ASC
|  row-size=22B cardinality=100
|
00:UNION
|  pass-through-operands: 14
|  row-size=22B cardinality=200
|
|--15:MERGING-EXCHANGE [UNPARTITIONED]
|  |  order by: tinyint_col ASC
|  |  limit: 100
|  |
|  02:TOP-N [LIMIT=100]
|  |  order by: tinyint_col ASC
|  |  row-size=23B cardinality=100
|  |
|  01:SCAN HDFS [functional.alltypes]
|     partitions=24/24 files=24 size=478.45KB
|     row-size=23B cardinality=7.30K
|
14:MERGING-EXCHANGE [UNPARTITIONED]
|  order by: int_col ASC
|  limit: 100
|
05:TOP-N [LIMIT=100]
|  order by: int_col ASC
|  row-size=22B cardinality=100
|
13:AGGREGATE [FINALIZE]
|  group by: float_col, bigint_col, int_col, tinyint_col, smallint_col, id
|  row-size=23B cardinality=7.30K
|
12:EXCHANGE [HASH(float_col,bigint_col,int_col,tinyint_col,smallint_col,id)]
|
04:AGGREGATE [STREAMING]
|  group by: float_col, bigint_col, int_col, tinyint_col, smallint_col, id
|  row-size=23B cardinality=7.30K
|
03:SCAN HDFS [functional.alltypes]
   partitions=24/24 files=24 size=478.45KB
   row-size=23B cardinality=7.30K
====
# Test slot materialization IMPALA-1006
select int_col from
  (select int_col, bigint_col
    from functional.alltypesagg
  union all
  (select int_col, bigint_col from functional.alltypesagg)
order by bigint_col limit 10) A
---- PLAN
PLAN-ROOT SINK
|
03:TOP-N [LIMIT=10]
|  order by: bigint_col ASC
|  row-size=12B cardinality=10
|
00:UNION
|  pass-through-operands: all
|  row-size=12B cardinality=22.00K
|
|--02:SCAN HDFS [functional.alltypesagg]
|     partitions=11/11 files=11 size=814.73KB
|     row-size=12B cardinality=11.00K
|
01:SCAN HDFS [functional.alltypesagg]
   partitions=11/11 files=11 size=814.73KB
   row-size=12B cardinality=11.00K
---- DISTRIBUTEDPLAN
PLAN-ROOT SINK
|
04:MERGING-EXCHANGE [UNPARTITIONED]
|  order by: bigint_col ASC
|  limit: 10
|
03:TOP-N [LIMIT=10]
|  order by: bigint_col ASC
|  row-size=12B cardinality=10
|
00:UNION
|  pass-through-operands: all
|  row-size=12B cardinality=22.00K
|
|--02:SCAN HDFS [functional.alltypesagg]
|     partitions=11/11 files=11 size=814.73KB
|     row-size=12B cardinality=11.00K
|
01:SCAN HDFS [functional.alltypesagg]
   partitions=11/11 files=11 size=814.73KB
   row-size=12B cardinality=11.00K
====
# Sort node is unnecessary (IMPALA-1148).
select 1 from functional.alltypes order by 1
---- PLAN
PLAN-ROOT SINK
|
00:SCAN HDFS [functional.alltypes]
   partitions=24/24 files=24 size=478.45KB
   row-size=0B cardinality=7.30K
====
# Sort node is unnecessary (IMPALA-1148).
select a from
  (select 1 as a, int_col, bigint_col
   from functional.alltypes order by 1 limit 1) v
---- PLAN
PLAN-ROOT SINK
|
00:SCAN HDFS [functional.alltypes]
   partitions=24/24 files=24 size=478.45KB
   limit: 1
   row-size=0B cardinality=1
====
# Regression test for IMPALA-8069
SELECT
FIRST_VALUE(0) OVER (ORDER BY 0 ASC)
FROM functional.alltypestiny
---- PLAN
PLAN-ROOT SINK
|
01:ANALYTIC
|  functions: first_value(0)
|  order by: 0 ASC
|  window: ROWS BETWEEN UNBOUNDED PRECEDING AND CURRENT ROW
|  row-size=1B cardinality=8
|
00:SCAN HDFS [functional.alltypestiny]
   partitions=4/4 files=4 size=460B
   row-size=0B cardinality=8
====
